<?xml version="1.0" encoding="UTF-8"?>
<!-- Generated by org.testng.reporters.JUnitReportReporter -->
<testsuite hostname="ATMECSINLT-083" failures="0" tests="5" name="com.yatra.testscripts.SearchForBus" time="85.943" errors="0" timestamp="23 Sep 2019 14:02:55 GMT" skipped="1">
  <testcase classname="com.yatra.testscripts.SearchForBus" name="searchingBus" time="35.798"/>
  <testcase classname="com.yatra.testscripts.SearchForBus" name="selectingBus" time="8.947"/>
  <testcase classname="com.yatra.testscripts.SearchForBus" name="bookingBus" time="6.898"/>
  <testcase classname="com.yatra.testscripts.SearchForBus" name="signing" time="34.300"/>
  <testcase classname="com.yatra.testscripts.SearchForBus" name="fillingTravellerDetails" time="0.000">
    <skipped/>
  </testcase> <!-- fillingTravellerDetails -->
</testsuite> <!-- com.yatra.testscripts.SearchForBus -->
