<?xml version="1.0" encoding="UTF-8"?>
<!-- Generated by org.testng.reporters.JUnitReportReporter -->
<testsuite hostname="ATMECSINLT-083" failures="0" tests="4" name="com.yatra.testscripts.BusBooking" time="54.074" errors="0" timestamp="24 Sep 2019 08:47:00 GMT" skipped="0">
  <testcase classname="com.yatra.testscripts.BusBooking" name="searchingBus" time="25.311"/>
  <testcase classname="com.yatra.testscripts.BusBooking" name="selectingBus" time="3.887"/>
  <testcase classname="com.yatra.testscripts.BusBooking" name="bookingBus" time="6.775"/>
  <testcase classname="com.yatra.testscripts.BusBooking" name="signing" time="18.101"/>
</testsuite> <!-- com.yatra.testscripts.BusBooking -->
