<?xml version="1.0" encoding="UTF-8"?>
<!-- Generated by org.testng.reporters.JUnitReportReporter -->
<testsuite hostname="ATMECSINLT-083" failures="0" tests="1" name="com.yatra.testbase.TestBase" time="16.439" errors="0" timestamp="10 Sep 2019 05:20:52 GMT" skipped="0">
  <testcase classname="com.yatra.testbase.TestBase" name="initializeBrowser" time="16.439"/>
</testsuite> <!-- com.yatra.testbase.TestBase -->
