<?xml version="1.0" encoding="UTF-8"?>
<!-- Generated by org.testng.reporters.JUnitReportReporter -->
<testsuite hostname="ATMECSINLT-083" failures="0" tests="5" name="com.yatra.testscripts.BusBooking" time="4762.277" errors="0" timestamp="23 Sep 2019 15:54:18 GMT" skipped="1">
  <testcase classname="com.yatra.testscripts.BusBooking" name="searchingBus" time="33.301"/>
  <testcase classname="com.yatra.testscripts.BusBooking" name="selectingBus" time="7.865"/>
  <testcase classname="com.yatra.testscripts.BusBooking" name="bookingBus" time="13.074"/>
  <testcase classname="com.yatra.testscripts.BusBooking" name="signing" time="4708.037"/>
  <testcase classname="com.yatra.testscripts.BusBooking" name="fillingTravellerDetails" time="0.000">
    <skipped/>
  </testcase> <!-- fillingTravellerDetails -->
</testsuite> <!-- com.yatra.testscripts.BusBooking -->
