<?xml version="1.0" encoding="UTF-8"?>
<!-- Generated by org.testng.reporters.JUnitReportReporter -->
<testsuite hostname="ATMECSINLT-083" failures="0" tests="1" name="com.yatra.testscripts.SignintoBookBus" time="0.000" errors="0" timestamp="23 Sep 2019 07:36:02 GMT" skipped="1">
  <testcase classname="com.yatra.testscripts.SignintoBookBus" name="signingToBookTicket" time="0.000">
    <skipped/>
  </testcase> <!-- signingToBookTicket -->
</testsuite> <!-- com.yatra.testscripts.SignintoBookBus -->
