<?xml version="1.0" encoding="UTF-8"?>
<!-- Generated by org.testng.reporters.JUnitReportReporter -->
<testsuite hostname="ATMECSINLT-083" failures="0" tests="1" name="com.yatra.testscripts.TestBase" time="18.453" errors="0" timestamp="10 Sep 2019 10:39:24 GMT" skipped="0">
  <testcase classname="com.yatra.testscripts.TestBase" name="initializeBrowser" time="18.453"/>
</testsuite> <!-- com.yatra.testscripts.TestBase -->
