<?xml version="1.0" encoding="UTF-8"?>
<!-- Generated by org.testng.reporters.JUnitReportReporter -->
<testsuite hostname="ATMECSINLT-083" failures="0" tests="1" name="com.yatra.testscripts.SearchForBus" time="25.583" errors="0" timestamp="23 Sep 2019 08:26:51 GMT" skipped="0">
  <testcase classname="com.yatra.testscripts.SearchForBus" name="searchingBus" time="25.583"/>
</testsuite> <!-- com.yatra.testscripts.SearchForBus -->
